Arguments: 
  C:\Program Files\nodejs\node.exe C:\Users\saika\AppData\Roaming\npm\node_modules\yarn\bin\yarn.js add firebase

PATH: 
  C:\Windows\system32;C:\Windows;C:\Windows\System32\Wbem;C:\Windows\System32\WindowsPowerShell\v1.0\;C:\Windows\System32\OpenSSH\;C:\Program Files\nodejs\;C:\Users\saika\AppData\Local\Microsoft\WindowsApps;C:\Users\saika\AppData\Roaming\npm;C:\Users\saika\AppData\Local\Programs\Microsoft VS Code\bin

Yarn version: 
  1.22.18

Node version: 
  16.14.2

Platform: 
  win32 x64

Trace: 
  Error: getaddrinfo ENOTFOUND registry.yarnpkg.com
      at GetAddrInfoReqWrap.onlookup [as oncomplete] (node:dns:71:26)

npm manifest: 
  {
    "name": "linkdein-clon",
    "version": "0.1.0",
    "private": true,
    "dependencies": {
      "@reduxjs/toolkit": "^1.8.1",
      "@testing-library/jest-dom": "^5.16.4",
      "@testing-library/react": "^13.2.0",
      "@testing-library/user-event": "^14.2.0",
      "react": "^18.1.0",
      "react-dom": "^18.1.0",
      "react-redux": "^8.0.1",
      "react-scripts": "5.0.1",
      "web-vitals": "^2.1.4"
    },
    "scripts": {
      "start": "react-scripts start",
      "build": "react-scripts build",
      "test": "react-scripts test",
      "eject": "react-scripts eject"
    },
    "eslintConfig": {
      "extends": [
        "react-app",
        "react-app/jest"
      ]
    },
    "browserslist": {
      "production": [
        ">0.2%",
        "not dead",
        "not op_mini all"
      ],
      "development": [
        "last 1 chrome version",
        "last 1 firefox version",
        "last 1 safari version"
      ]
    }
  }

yarn manifest: 
  No manifest

Lockfile: 
  No lockfile
